<?xml version="1.0" encoding="UTF-8"?>
<!-- #%L ff4j-core %% Copyright (C) 2013 Ff4J %% Licensed under the Apache 
	License, Version 2.0 (the "License"); you may not use this file except in 
	compliance with the License. You may obtain a copy of the License at http://www.apache.org/licenses/LICENSE-2.0 
	Unless required by applicable law or agreed to in writing, software distributed 
	under the License is distributed on an "AS IS" BASIS, WITHOUT WARRANTIES 
	OR CONDITIONS OF ANY KIND, either express or implied. See the License for 
	the specific language governing permissions and limitations under the License. 
	#L% -->
<ff4j xmlns="http://www.ff4j.org/schema/ff4j"
	xmlns:xsi="http://www.w3.org/2001/XMLSchema-instance"
	sxsi:schemaLocation="http://ff4j.org/schema/ff4j-1.6.xsd">
	
	<features>
		<feature uid="first" enable="true"
			description="description &quot;&amp;&gt;OK&lt;&apos;">
			<custom-properties>
				<property name="prop1"
					value="https://en.wikipedia.org/w/index.php?title=XML&amp;action=edit&amp;section=3" />
				<property name="prop2"
					value="https://en.wikipedia.org/w/index.php?title=XML&amp;action=edit&amp;section=3">
					<fixedValues>
						<value><![CDATA[https://en.wikipedia.org/w/index.php?title=XML&action=edit&section=1]]></value>
						<value><![CDATA[https://en.wikipedia.org/w/index.php?title=XML&action=edit&section=2]]></value>
						<value><![CDATA[https://en.wikipedia.org/w/index.php?title=XML&action=edit&section=3]]></value>
						<value><![CDATA[https://en.wikipedia.org/w/index.php?title=XML&action=edit&section=4]]></value>
					</fixedValues>
				</property>
			</custom-properties>
		</feature>
	</features>
	
	<properties>
		<property name="prop3"
			value="https://en.wikipedia.org/w/index.php?title=XML&amp;action=edit&amp;section=3"
			description="description &quot;&amp;&gt;OK&lt;&apos;">
			<fixedValues>
			 <value><![CDATA[https://en.wikipedia.org/w/index.php?title=XML&action=edit&section=1]]></value>
			 <value><![CDATA[https://en.wikipedia.org/w/index.php?title=XML&action=edit&section=2]]></value>
			 <value><![CDATA[https://en.wikipedia.org/w/index.php?title=XML&action=edit&section=3]]></value>
			 <value><![CDATA[https://en.wikipedia.org/w/index.php?title=XML&action=edit&section=4]]></value>
			</fixedValues>
		</property>
	</properties>

</ff4j>
